<?xml version="1.0" encoding="UTF-8"?>
<testng-results ignored="0" total="1" passed="1" failed="0" skipped="0">
  <reporter-output>
  </reporter-output>
  <suite started-at="2024-09-19T18:20:44 IST" name="Surefire suite" finished-at="2024-09-19T18:20:57 IST" duration-ms="13831">
    <groups>
      <group name="cucumber">
        <method signature="AbstractTestNGCucumberTests.runScenario(io.cucumber.testng.PickleWrapper,io.cucumber.testng.FeatureWrapper)[pri:0, instance:runner.RunnerWeb@163e4e87]" name="runScenario" class="io.cucumber.testng.AbstractTestNGCucumberTests"/>
      </group> <!-- cucumber -->
    </groups>
    <test started-at="2024-09-19T18:20:44 IST" name="Surefire test" finished-at="2024-09-19T18:20:57 IST" duration-ms="13831">
      <class name="runner.RunnerWeb">
        <test-method is-config="true" signature="setUpClass(org.testng.ITestContext)[pri:0, instance:runner.RunnerWeb@163e4e87]" started-at="2024-09-19T18:20:44 IST" name="setUpClass" finished-at="2024-09-19T18:20:44 IST" duration-ms="640" status="PASS">
          <params>
            <param index="0">
              <value>
                <![CDATA[org.testng.TestRunner@634aa81e]]>
              </value>
            </param>
          </params>
          <reporter-output>
          </reporter-output>
        </test-method> <!-- setUpClass -->
        <test-method signature="runScenario(io.cucumber.testng.PickleWrapper,io.cucumber.testng.FeatureWrapper)[pri:0, instance:runner.RunnerWeb@163e4e87]" started-at="2024-09-19T18:20:44 IST" name="runScenario" description="Runs Cucumber Scenarios" data-provider="scenarios" finished-at="2024-09-19T18:20:56 IST" duration-ms="11651" status="PASS">
          <params>
            <param index="0">
              <value>
                <![CDATA["User opens the homepage"]]>
              </value>
            </param>
            <param index="1">
              <value>
                <![CDATA["Register"]]>
              </value>
            </param>
          </params>
          <reporter-output>
          </reporter-output>
        </test-method> <!-- runScenario -->
        <test-method is-config="true" signature="tearDownClass()[pri:0, instance:runner.RunnerWeb@163e4e87]" started-at="2024-09-19T18:20:56 IST" name="tearDownClass" finished-at="2024-09-19T18:20:57 IST" duration-ms="1473" status="PASS">
          <reporter-output>
          </reporter-output>
        </test-method> <!-- tearDownClass -->
      </class> <!-- runner.RunnerWeb -->
    </test> <!-- Surefire test -->
  </suite> <!-- Surefire suite -->
</testng-results>
